<?xml version="1.0" encoding="UTF-8"?>
<!-- Generated by org.testng.reporters.JUnitReportReporter -->
<testsuite hostname="SPMUMLAP-043" failures="0" tests="2" name="Learning.test1" time="0.007" errors="0" timestamp="2024-01-15T23:40:26 IST" skipped="0">
  <testcase classname="Learning.test1" name="homeLoan" time="0.006"/>
  <system-out/>
  <testcase classname="Learning.test1" name="personalLoan" time="0.001"/>
  <system-out/>
</testsuite> <!-- Learning.test1 -->
