<?xml version="1.0" encoding="UTF-8"?>
<!-- Generated by org.testng.reporters.JUnitReportReporter -->
<testsuite hostname="SPMUMLAP-043" failures="0" tests="3" name="Learning.test1" time="0.009" errors="0" timestamp="2024-01-16T13:12:09 IST" skipped="0">
  <testcase classname="Learning.test1" name="test03" time="0.002"/>
  <system-out/>
  <testcase classname="Learning.test1" name="test02" time="0.001"/>
  <system-out/>
  <testcase classname="Learning.test1" name="test01" time="0.006"/>
  <system-out/>
</testsuite> <!-- Learning.test1 -->
